{
  "C:\\Users\\Jokhongir\\OneDrive\\Desktop\\rs_2024\\khayitbek03-REACT2025Q3\\src\\App.tsx": {
    "path": "C:\\Users\\Jokhongir\\OneDrive\\Desktop\\rs_2024\\khayitbek03-REACT2025Q3\\src\\App.tsx",
    "all": false,
    "statementMap": {
      "0": {
        "start": { "line": 1, "column": 0 },
        "end": { "line": 1, "column": 52 }
      },
      "1": {
        "start": { "line": 2, "column": 0 },
        "end": { "line": 2, "column": 19 }
      },
      "2": {
        "start": { "line": 3, "column": 0 },
        "end": { "line": 3, "column": 47 }
      },
      "3": {
        "start": { "line": 4, "column": 0 },
        "end": { "line": 4, "column": 41 }
      },
      "4": {
        "start": { "line": 5, "column": 0 },
        "end": { "line": 5, "column": 45 }
      },
      "20": {
        "start": { "line": 21, "column": 0 },
        "end": { "line": 21, "column": 40 }
      },
      "22": {
        "start": { "line": 23, "column": 0 },
        "end": { "line": 23, "column": 74 }
      },
      "23": {
        "start": { "line": 24, "column": 0 },
        "end": { "line": 24, "column": 18 }
      },
      "24": {
        "start": { "line": 25, "column": 0 },
        "end": { "line": 25, "column": 19 }
      },
      "25": {
        "start": { "line": 26, "column": 0 },
        "end": { "line": 26, "column": 14 }
      },
      "26": {
        "start": { "line": 27, "column": 0 },
        "end": { "line": 27, "column": 19 }
      },
      "27": {
        "start": { "line": 28, "column": 0 },
        "end": { "line": 28, "column": 16 }
      },
      "28": {
        "start": { "line": 29, "column": 0 },
        "end": { "line": 29, "column": 25 }
      },
      "29": {
        "start": { "line": 30, "column": 0 },
        "end": { "line": 30, "column": 4 }
      },
      "31": {
        "start": { "line": 32, "column": 0 },
        "end": { "line": 32, "column": 29 }
      },
      "32": {
        "start": { "line": 33, "column": 0 },
        "end": { "line": 33, "column": 68 }
      },
      "33": {
        "start": { "line": 34, "column": 0 },
        "end": { "line": 34, "column": 64 }
      },
      "34": {
        "start": { "line": 35, "column": 0 },
        "end": { "line": 35, "column": 3 }
      },
      "36": {
        "start": { "line": 37, "column": 0 },
        "end": { "line": 37, "column": 61 }
      },
      "37": {
        "start": { "line": 38, "column": 0 },
        "end": { "line": 38, "column": 50 }
      },
      "38": {
        "start": { "line": 39, "column": 0 },
        "end": { "line": 39, "column": 4 }
      },
      "40": {
        "start": { "line": 41, "column": 0 },
        "end": { "line": 41, "column": 29 }
      },
      "41": {
        "start": { "line": 42, "column": 0 },
        "end": { "line": 42, "column": 63 }
      },
      "42": {
        "start": { "line": 43, "column": 0 },
        "end": { "line": 43, "column": 53 }
      },
      "43": {
        "start": { "line": 44, "column": 0 },
        "end": { "line": 44, "column": 62 }
      },
      "44": {
        "start": { "line": 45, "column": 0 },
        "end": { "line": 45, "column": 4 }
      },
      "46": {
        "start": { "line": 47, "column": 0 },
        "end": { "line": 47, "column": 30 }
      },
      "47": {
        "start": { "line": 48, "column": 0 },
        "end": { "line": 48, "column": 50 }
      },
      "49": {
        "start": { "line": 50, "column": 0 },
        "end": { "line": 50, "column": 9 }
      },
      "50": {
        "start": { "line": 51, "column": 0 },
        "end": { "line": 51, "column": 41 }
      },
      "52": {
        "start": { "line": 53, "column": 0 },
        "end": { "line": 53, "column": 17 }
      },
      "53": {
        "start": { "line": 54, "column": 0 },
        "end": { "line": 54, "column": 37 }
      },
      "54": {
        "start": { "line": 55, "column": 0 },
        "end": { "line": 55, "column": 54 }
      },
      "55": {
        "start": { "line": 56, "column": 0 },
        "end": { "line": 56, "column": 10 }
      },
      "56": {
        "start": { "line": 57, "column": 0 },
        "end": { "line": 57, "column": 75 }
      },
      "58": {
        "start": { "line": 59, "column": 0 },
        "end": { "line": 59, "column": 43 }
      },
      "59": {
        "start": { "line": 60, "column": 0 },
        "end": { "line": 60, "column": 31 }
      },
      "60": {
        "start": { "line": 61, "column": 0 },
        "end": { "line": 61, "column": 26 }
      },
      "61": {
        "start": { "line": 62, "column": 0 },
        "end": { "line": 62, "column": 30 }
      },
      "62": {
        "start": { "line": 63, "column": 0 },
        "end": { "line": 63, "column": 30 }
      },
      "63": {
        "start": { "line": 64, "column": 0 },
        "end": { "line": 64, "column": 10 }
      },
      "64": {
        "start": { "line": 65, "column": 0 },
        "end": { "line": 65, "column": 57 }
      },
      "65": {
        "start": { "line": 66, "column": 0 },
        "end": { "line": 66, "column": 14 }
      },
      "66": {
        "start": { "line": 67, "column": 0 },
        "end": { "line": 67, "column": 37 }
      },
      "67": {
        "start": { "line": 68, "column": 0 },
        "end": { "line": 68, "column": 64 }
      },
      "68": {
        "start": { "line": 69, "column": 0 },
        "end": { "line": 69, "column": 10 }
      },
      "69": {
        "start": { "line": 70, "column": 0 },
        "end": { "line": 70, "column": 75 }
      },
      "71": {
        "start": { "line": 72, "column": 0 },
        "end": { "line": 72, "column": 43 }
      },
      "73": {
        "start": { "line": 74, "column": 0 },
        "end": { "line": 74, "column": 53 }
      },
      "74": {
        "start": { "line": 75, "column": 0 },
        "end": { "line": 75, "column": 78 }
      },
      "75": {
        "start": { "line": 76, "column": 0 },
        "end": { "line": 76, "column": 49 }
      },
      "76": {
        "start": { "line": 77, "column": 0 },
        "end": { "line": 77, "column": 44 }
      },
      "77": {
        "start": { "line": 78, "column": 0 },
        "end": { "line": 78, "column": 20 }
      },
      "78": {
        "start": { "line": 79, "column": 0 },
        "end": { "line": 79, "column": 32 }
      },
      "79": {
        "start": { "line": 80, "column": 0 },
        "end": { "line": 80, "column": 36 }
      },
      "80": {
        "start": { "line": 81, "column": 0 },
        "end": { "line": 81, "column": 36 }
      },
      "81": {
        "start": { "line": 82, "column": 0 },
        "end": { "line": 82, "column": 14 }
      },
      "82": {
        "start": { "line": 83, "column": 0 },
        "end": { "line": 83, "column": 13 }
      },
      "83": {
        "start": { "line": 84, "column": 0 },
        "end": { "line": 84, "column": 10 }
      },
      "85": {
        "start": { "line": 86, "column": 0 },
        "end": { "line": 86, "column": 58 }
      },
      "86": {
        "start": { "line": 87, "column": 0 },
        "end": { "line": 87, "column": 7 }
      },
      "87": {
        "start": { "line": 88, "column": 0 },
        "end": { "line": 88, "column": 21 }
      },
      "88": {
        "start": { "line": 89, "column": 0 },
        "end": { "line": 89, "column": 48 }
      },
      "89": {
        "start": { "line": 90, "column": 0 },
        "end": { "line": 90, "column": 21 }
      },
      "90": {
        "start": { "line": 91, "column": 0 },
        "end": { "line": 91, "column": 70 }
      },
      "91": {
        "start": { "line": 92, "column": 0 },
        "end": { "line": 92, "column": 23 }
      },
      "92": {
        "start": { "line": 93, "column": 0 },
        "end": { "line": 93, "column": 9 }
      },
      "93": {
        "start": { "line": 94, "column": 0 },
        "end": { "line": 94, "column": 5 }
      },
      "94": {
        "start": { "line": 95, "column": 0 },
        "end": { "line": 95, "column": 4 }
      },
      "96": {
        "start": { "line": 97, "column": 0 },
        "end": { "line": 97, "column": 22 }
      },
      "97": {
        "start": { "line": 98, "column": 0 },
        "end": { "line": 98, "column": 43 }
      },
      "98": {
        "start": { "line": 99, "column": 0 },
        "end": { "line": 99, "column": 4 }
      },
      "100": {
        "start": { "line": 101, "column": 0 },
        "end": { "line": 101, "column": 12 }
      },
      "101": {
        "start": { "line": 102, "column": 0 },
        "end": { "line": 102, "column": 76 }
      },
      "103": {
        "start": { "line": 104, "column": 0 },
        "end": { "line": 104, "column": 24 }
      },
      "104": {
        "start": { "line": 105, "column": 0 },
        "end": { "line": 105, "column": 50 }
      },
      "105": {
        "start": { "line": 106, "column": 0 },
        "end": { "line": 106, "column": 5 }
      },
      "107": {
        "start": { "line": 108, "column": 0 },
        "end": { "line": 108, "column": 12 }
      },
      "108": {
        "start": { "line": 109, "column": 0 },
        "end": { "line": 109, "column": 37 }
      },
      "109": {
        "start": { "line": 110, "column": 0 },
        "end": { "line": 110, "column": 18 }
      },
      "110": {
        "start": { "line": 111, "column": 0 },
        "end": { "line": 111, "column": 28 }
      },
      "111": {
        "start": { "line": 112, "column": 0 },
        "end": { "line": 112, "column": 43 }
      },
      "112": {
        "start": { "line": 113, "column": 0 },
        "end": { "line": 113, "column": 43 }
      },
      "113": {
        "start": { "line": 114, "column": 0 },
        "end": { "line": 114, "column": 10 }
      },
      "115": {
        "start": { "line": 116, "column": 0 },
        "end": { "line": 116, "column": 37 }
      },
      "116": {
        "start": { "line": 117, "column": 0 },
        "end": { "line": 117, "column": 33 }
      },
      "117": {
        "start": { "line": 118, "column": 0 },
        "end": { "line": 118, "column": 61 }
      },
      "118": {
        "start": { "line": 119, "column": 0 },
        "end": { "line": 119, "column": 60 }
      },
      "119": {
        "start": { "line": 120, "column": 0 },
        "end": { "line": 120, "column": 14 }
      },
      "121": {
        "start": { "line": 122, "column": 0 },
        "end": { "line": 122, "column": 13 }
      },
      "122": {
        "start": { "line": 123, "column": 0 },
        "end": { "line": 123, "column": 74 }
      },
      "124": {
        "start": { "line": 125, "column": 0 },
        "end": { "line": 125, "column": 19 }
      },
      "125": {
        "start": { "line": 126, "column": 0 },
        "end": { "line": 126, "column": 14 }
      },
      "126": {
        "start": { "line": 127, "column": 0 },
        "end": { "line": 127, "column": 12 }
      },
      "128": {
        "start": { "line": 129, "column": 0 },
        "end": { "line": 129, "column": 3 }
      },
      "129": {
        "start": { "line": 130, "column": 0 },
        "end": { "line": 130, "column": 1 }
      }
    },
    "s": {
      "0": 1,
      "1": 1,
      "2": 1,
      "3": 1,
      "4": 1,
      "20": 1,
      "22": 1,
      "23": 4,
      "24": 4,
      "25": 4,
      "26": 4,
      "27": 4,
      "28": 4,
      "29": 4,
      "31": 4,
      "32": 4,
      "33": 4,
      "34": 4,
      "36": 4,
      "37": 7,
      "38": 7,
      "40": 4,
      "41": 1,
      "42": 1,
      "43": 1,
      "44": 1,
      "46": 4,
      "47": 5,
      "49": 5,
      "50": 5,
      "52": 5,
      "53": 1,
      "54": 1,
      "55": 1,
      "56": 1,
      "58": 1,
      "59": 1,
      "60": 1,
      "61": 1,
      "62": 1,
      "63": 1,
      "64": 1,
      "65": 5,
      "66": 4,
      "67": 4,
      "68": 4,
      "69": 4,
      "71": 2,
      "73": 2,
      "74": 2,
      "75": 1,
      "76": 1,
      "77": 1,
      "78": 1,
      "79": 1,
      "80": 1,
      "81": 1,
      "82": 2,
      "83": 2,
      "85": 2,
      "86": 2,
      "87": 5,
      "88": 2,
      "89": 2,
      "90": 2,
      "91": 2,
      "92": 2,
      "93": 2,
      "94": 5,
      "96": 4,
      "97": 1,
      "98": 1,
      "100": 4,
      "101": 28,
      "103": 28,
      "104": 2,
      "105": 2,
      "107": 26,
      "108": 26,
      "109": 26,
      "110": 26,
      "111": 26,
      "112": 26,
      "113": 26,
      "115": 26,
      "116": 28,
      "117": 28,
      "118": 28,
      "119": 28,
      "121": 28,
      "122": 28,
      "124": 28,
      "125": 28,
      "126": 28,
      "128": 28,
      "129": 4
    },
    "branchMap": {
      "0": {
        "type": "branch",
        "line": 23,
        "loc": {
          "start": { "line": 23, "column": 73 },
          "end": { "line": 130, "column": 1 }
        },
        "locations": [
          {
            "start": { "line": 23, "column": 73 },
            "end": { "line": 130, "column": 1 }
          }
        ]
      },
      "1": {
        "type": "branch",
        "line": 32,
        "loc": {
          "start": { "line": 32, "column": 2 },
          "end": { "line": 35, "column": 3 }
        },
        "locations": [
          {
            "start": { "line": 32, "column": 2 },
            "end": { "line": 35, "column": 3 }
          }
        ]
      },
      "2": {
        "type": "branch",
        "line": 37,
        "loc": {
          "start": { "line": 37, "column": 22 },
          "end": { "line": 39, "column": 4 }
        },
        "locations": [
          {
            "start": { "line": 37, "column": 22 },
            "end": { "line": 39, "column": 4 }
          }
        ]
      },
      "3": {
        "type": "branch",
        "line": 41,
        "loc": {
          "start": { "line": 41, "column": 22 },
          "end": { "line": 45, "column": 4 }
        },
        "locations": [
          {
            "start": { "line": 41, "column": 22 },
            "end": { "line": 45, "column": 4 }
          }
        ]
      },
      "4": {
        "type": "branch",
        "line": 47,
        "loc": {
          "start": { "line": 47, "column": 17 },
          "end": { "line": 95, "column": 4 }
        },
        "locations": [
          {
            "start": { "line": 47, "column": 17 },
            "end": { "line": 95, "column": 4 }
          }
        ]
      },
      "5": {
        "type": "branch",
        "line": 53,
        "loc": {
          "start": { "line": 53, "column": 16 },
          "end": { "line": 66, "column": 13 }
        },
        "locations": [
          {
            "start": { "line": 53, "column": 16 },
            "end": { "line": 66, "column": 13 }
          }
        ]
      },
      "6": {
        "type": "branch",
        "line": 57,
        "loc": {
          "start": { "line": 57, "column": 26 },
          "end": { "line": 57, "column": 75 }
        },
        "locations": [
          {
            "start": { "line": 57, "column": 26 },
            "end": { "line": 57, "column": 75 }
          }
        ]
      },
      "7": {
        "type": "branch",
        "line": 66,
        "loc": {
          "start": { "line": 66, "column": 6 },
          "end": { "line": 87, "column": 7 }
        },
        "locations": [
          {
            "start": { "line": 66, "column": 6 },
            "end": { "line": 87, "column": 7 }
          }
        ]
      },
      "8": {
        "type": "branch",
        "line": 70,
        "loc": {
          "start": { "line": 70, "column": 26 },
          "end": { "line": 70, "column": 75 }
        },
        "locations": [
          {
            "start": { "line": 70, "column": 26 },
            "end": { "line": 70, "column": 75 }
          }
        ]
      },
      "9": {
        "type": "branch",
        "line": 70,
        "loc": {
          "start": { "line": 70, "column": 73 },
          "end": { "line": 87, "column": 7 }
        },
        "locations": [
          {
            "start": { "line": 70, "column": 73 },
            "end": { "line": 87, "column": 7 }
          }
        ]
      },
      "10": {
        "type": "branch",
        "line": 88,
        "loc": {
          "start": { "line": 88, "column": 4 },
          "end": { "line": 94, "column": 5 }
        },
        "locations": [
          {
            "start": { "line": 88, "column": 4 },
            "end": { "line": 94, "column": 5 }
          }
        ]
      },
      "11": {
        "type": "branch",
        "line": 75,
        "loc": {
          "start": { "line": 75, "column": 27 },
          "end": { "line": 83, "column": 11 }
        },
        "locations": [
          {
            "start": { "line": 75, "column": 27 },
            "end": { "line": 83, "column": 11 }
          }
        ]
      },
      "12": {
        "type": "branch",
        "line": 97,
        "loc": {
          "start": { "line": 97, "column": 15 },
          "end": { "line": 99, "column": 4 }
        },
        "locations": [
          {
            "start": { "line": 97, "column": 15 },
            "end": { "line": 99, "column": 4 }
          }
        ]
      },
      "13": {
        "type": "branch",
        "line": 101,
        "loc": {
          "start": { "line": 101, "column": 2 },
          "end": { "line": 129, "column": 3 }
        },
        "locations": [
          {
            "start": { "line": 101, "column": 2 },
            "end": { "line": 129, "column": 3 }
          }
        ]
      },
      "14": {
        "type": "branch",
        "line": 104,
        "loc": {
          "start": { "line": 104, "column": 23 },
          "end": { "line": 106, "column": 5 }
        },
        "locations": [
          {
            "start": { "line": 104, "column": 23 },
            "end": { "line": 106, "column": 5 }
          }
        ]
      },
      "15": {
        "type": "branch",
        "line": 106,
        "loc": {
          "start": { "line": 106, "column": 4 },
          "end": { "line": 117, "column": 22 }
        },
        "locations": [
          {
            "start": { "line": 106, "column": 4 },
            "end": { "line": 117, "column": 22 }
          }
        ]
      },
      "16": {
        "type": "branch",
        "line": 117,
        "loc": {
          "start": { "line": 117, "column": 11 },
          "end": { "line": 117, "column": 33 }
        },
        "locations": [
          {
            "start": { "line": 117, "column": 11 },
            "end": { "line": 117, "column": 33 }
          }
        ]
      },
      "17": {
        "type": "branch",
        "line": 118,
        "loc": {
          "start": { "line": 118, "column": 11 },
          "end": { "line": 118, "column": 61 }
        },
        "locations": [
          {
            "start": { "line": 118, "column": 11 },
            "end": { "line": 118, "column": 61 }
          }
        ]
      },
      "18": {
        "type": "branch",
        "line": 119,
        "loc": {
          "start": { "line": 119, "column": 12 },
          "end": { "line": 119, "column": 33 }
        },
        "locations": [
          {
            "start": { "line": 119, "column": 12 },
            "end": { "line": 119, "column": 33 }
          }
        ]
      },
      "19": {
        "type": "branch",
        "line": 119,
        "loc": {
          "start": { "line": 119, "column": 24 },
          "end": { "line": 119, "column": 60 }
        },
        "locations": [
          {
            "start": { "line": 119, "column": 24 },
            "end": { "line": 119, "column": 60 }
          }
        ]
      }
    },
    "b": {
      "0": [4],
      "1": [4],
      "2": [7],
      "3": [1],
      "4": [5],
      "5": [1],
      "6": [0],
      "7": [4],
      "8": [1],
      "9": [2],
      "10": [2],
      "11": [1],
      "12": [1],
      "13": [28],
      "14": [2],
      "15": [26],
      "16": [5],
      "17": [2],
      "18": [21],
      "19": [19]
    },
    "fnMap": {
      "0": {
        "name": "<instance_members_initializer>",
        "decl": {
          "start": { "line": 23, "column": 73 },
          "end": { "line": 130, "column": 1 }
        },
        "loc": {
          "start": { "line": 23, "column": 73 },
          "end": { "line": 130, "column": 1 }
        },
        "line": 23
      },
      "1": {
        "name": "componentDidMount",
        "decl": {
          "start": { "line": 32, "column": 2 },
          "end": { "line": 35, "column": 3 }
        },
        "loc": {
          "start": { "line": 32, "column": 2 },
          "end": { "line": 35, "column": 3 }
        },
        "line": 32
      },
      "2": {
        "name": "handleInputChange",
        "decl": {
          "start": { "line": 37, "column": 22 },
          "end": { "line": 39, "column": 4 }
        },
        "loc": {
          "start": { "line": 37, "column": 22 },
          "end": { "line": 39, "column": 4 }
        },
        "line": 37
      },
      "3": {
        "name": "handleSearchClick",
        "decl": {
          "start": { "line": 41, "column": 22 },
          "end": { "line": 45, "column": 4 }
        },
        "loc": {
          "start": { "line": 41, "column": 22 },
          "end": { "line": 45, "column": 4 }
        },
        "line": 41
      },
      "4": {
        "name": "fetchPokemon",
        "decl": {
          "start": { "line": 47, "column": 17 },
          "end": { "line": 95, "column": 4 }
        },
        "loc": {
          "start": { "line": 47, "column": 17 },
          "end": { "line": 95, "column": 4 }
        },
        "line": 47
      },
      "5": {
        "name": "throwError",
        "decl": {
          "start": { "line": 97, "column": 15 },
          "end": { "line": 99, "column": 4 }
        },
        "loc": {
          "start": { "line": 97, "column": 15 },
          "end": { "line": 99, "column": 4 }
        },
        "line": 97
      },
      "6": {
        "name": "render",
        "decl": {
          "start": { "line": 101, "column": 2 },
          "end": { "line": 129, "column": 3 }
        },
        "loc": {
          "start": { "line": 101, "column": 2 },
          "end": { "line": 129, "column": 3 }
        },
        "line": 101
      }
    },
    "f": { "0": 4, "1": 4, "2": 7, "3": 1, "4": 5, "5": 1, "6": 28 }
  },
  "C:\\Users\\Jokhongir\\OneDrive\\Desktop\\rs_2024\\khayitbek03-REACT2025Q3\\src\\main.tsx": {
    "path": "C:\\Users\\Jokhongir\\OneDrive\\Desktop\\rs_2024\\khayitbek03-REACT2025Q3\\src\\main.tsx",
    "all": true,
    "statementMap": {
      "0": {
        "start": { "line": 1, "column": 0 },
        "end": { "line": 1, "column": 35 }
      },
      "1": {
        "start": { "line": 2, "column": 0 },
        "end": { "line": 2, "column": 46 }
      },
      "2": {
        "start": { "line": 3, "column": 0 },
        "end": { "line": 3, "column": 21 }
      },
      "3": {
        "start": { "line": 4, "column": 0 },
        "end": { "line": 4, "column": 28 }
      },
      "4": {
        "start": { "line": 5, "column": 0 },
        "end": { "line": 5, "column": 59 }
      },
      "6": {
        "start": { "line": 7, "column": 0 },
        "end": { "line": 7, "column": 52 }
      },
      "7": {
        "start": { "line": 8, "column": 0 },
        "end": { "line": 8, "column": 14 }
      },
      "8": {
        "start": { "line": 9, "column": 0 },
        "end": { "line": 9, "column": 19 }
      },
      "9": {
        "start": { "line": 10, "column": 0 },
        "end": { "line": 10, "column": 13 }
      },
      "10": {
        "start": { "line": 11, "column": 0 },
        "end": { "line": 11, "column": 20 }
      },
      "11": {
        "start": { "line": 12, "column": 0 },
        "end": { "line": 12, "column": 16 }
      },
      "12": {
        "start": { "line": 13, "column": 0 },
        "end": { "line": 13, "column": 2 }
      }
    },
    "s": {
      "0": 0,
      "1": 0,
      "2": 0,
      "3": 0,
      "4": 0,
      "6": 0,
      "7": 0,
      "8": 0,
      "9": 0,
      "10": 0,
      "11": 0,
      "12": 0
    },
    "branchMap": {
      "0": {
        "type": "branch",
        "line": 1,
        "loc": {
          "start": { "line": 1, "column": 289 },
          "end": { "line": 13, "column": -231 }
        },
        "locations": [
          {
            "start": { "line": 1, "column": 289 },
            "end": { "line": 13, "column": -231 }
          }
        ]
      }
    },
    "b": { "0": [0] },
    "fnMap": {
      "0": {
        "name": "(empty-report)",
        "decl": {
          "start": { "line": 1, "column": 289 },
          "end": { "line": 13, "column": -231 }
        },
        "loc": {
          "start": { "line": 1, "column": 289 },
          "end": { "line": 13, "column": -231 }
        },
        "line": 1
      }
    },
    "f": { "0": 0 }
  },
  "C:\\Users\\Jokhongir\\OneDrive\\Desktop\\rs_2024\\khayitbek03-REACT2025Q3\\src\\components\\Card.tsx": {
    "path": "C:\\Users\\Jokhongir\\OneDrive\\Desktop\\rs_2024\\khayitbek03-REACT2025Q3\\src\\components\\Card.tsx",
    "all": false,
    "statementMap": {
      "0": {
        "start": { "line": 1, "column": 0 },
        "end": { "line": 1, "column": 34 }
      },
      "8": {
        "start": { "line": 9, "column": 0 },
        "end": { "line": 9, "column": 52 }
      },
      "9": {
        "start": { "line": 10, "column": 0 },
        "end": { "line": 10, "column": 12 }
      },
      "10": {
        "start": { "line": 11, "column": 0 },
        "end": { "line": 11, "column": 48 }
      },
      "12": {
        "start": { "line": 13, "column": 0 },
        "end": { "line": 13, "column": 12 }
      },
      "13": {
        "start": { "line": 14, "column": 0 },
        "end": { "line": 14, "column": 28 }
      },
      "14": {
        "start": { "line": 15, "column": 0 },
        "end": { "line": 15, "column": 46 }
      },
      "15": {
        "start": { "line": 16, "column": 0 },
        "end": { "line": 16, "column": 54 }
      },
      "16": {
        "start": { "line": 17, "column": 0 },
        "end": { "line": 17, "column": 54 }
      },
      "17": {
        "start": { "line": 18, "column": 0 },
        "end": { "line": 18, "column": 12 }
      },
      "19": {
        "start": { "line": 20, "column": 0 },
        "end": { "line": 20, "column": 3 }
      },
      "20": {
        "start": { "line": 21, "column": 0 },
        "end": { "line": 21, "column": 1 }
      }
    },
    "s": {
      "0": 1,
      "8": 1,
      "9": 1,
      "10": 6,
      "12": 6,
      "13": 6,
      "14": 6,
      "15": 6,
      "16": 6,
      "17": 6,
      "19": 6,
      "20": 1
    },
    "branchMap": {
      "0": {
        "type": "branch",
        "line": 10,
        "loc": {
          "start": { "line": 10, "column": 2 },
          "end": { "line": 20, "column": 3 }
        },
        "locations": [
          {
            "start": { "line": 10, "column": 2 },
            "end": { "line": 20, "column": 3 }
          }
        ]
      }
    },
    "b": { "0": [6] },
    "fnMap": {
      "0": {
        "name": "render",
        "decl": {
          "start": { "line": 10, "column": 2 },
          "end": { "line": 20, "column": 3 }
        },
        "loc": {
          "start": { "line": 10, "column": 2 },
          "end": { "line": 20, "column": 3 }
        },
        "line": 10
      }
    },
    "f": { "0": 6 }
  },
  "C:\\Users\\Jokhongir\\OneDrive\\Desktop\\rs_2024\\khayitbek03-REACT2025Q3\\src\\components\\CardList.tsx": {
    "path": "C:\\Users\\Jokhongir\\OneDrive\\Desktop\\rs_2024\\khayitbek03-REACT2025Q3\\src\\components\\CardList.tsx",
    "all": false,
    "statementMap": {
      "0": {
        "start": { "line": 1, "column": 0 },
        "end": { "line": 1, "column": 34 }
      },
      "1": {
        "start": { "line": 2, "column": 0 },
        "end": { "line": 2, "column": 26 }
      },
      "7": {
        "start": { "line": 8, "column": 0 },
        "end": { "line": 8, "column": 56 }
      },
      "8": {
        "start": { "line": 9, "column": 0 },
        "end": { "line": 9, "column": 12 }
      },
      "9": {
        "start": { "line": 10, "column": 0 },
        "end": { "line": 10, "column": 12 }
      },
      "10": {
        "start": { "line": 11, "column": 0 },
        "end": { "line": 11, "column": 33 }
      },
      "11": {
        "start": { "line": 12, "column": 0 },
        "end": { "line": 12, "column": 48 }
      },
      "12": {
        "start": { "line": 13, "column": 0 },
        "end": { "line": 13, "column": 15 }
      },
      "13": {
        "start": { "line": 14, "column": 0 },
        "end": { "line": 14, "column": 23 }
      },
      "14": {
        "start": { "line": 15, "column": 0 },
        "end": { "line": 15, "column": 28 }
      },
      "15": {
        "start": { "line": 16, "column": 0 },
        "end": { "line": 16, "column": 32 }
      },
      "16": {
        "start": { "line": 17, "column": 0 },
        "end": { "line": 17, "column": 32 }
      },
      "17": {
        "start": { "line": 18, "column": 0 },
        "end": { "line": 18, "column": 12 }
      },
      "18": {
        "start": { "line": 19, "column": 0 },
        "end": { "line": 19, "column": 11 }
      },
      "19": {
        "start": { "line": 20, "column": 0 },
        "end": { "line": 20, "column": 12 }
      },
      "21": {
        "start": { "line": 22, "column": 0 },
        "end": { "line": 22, "column": 3 }
      },
      "22": {
        "start": { "line": 23, "column": 0 },
        "end": { "line": 23, "column": 1 }
      }
    },
    "s": {
      "0": 1,
      "1": 1,
      "7": 1,
      "8": 1,
      "9": 21,
      "10": 21,
      "11": 21,
      "12": 4,
      "13": 4,
      "14": 4,
      "15": 4,
      "16": 4,
      "17": 4,
      "18": 21,
      "19": 21,
      "21": 21,
      "22": 1
    },
    "branchMap": {
      "0": {
        "type": "branch",
        "line": 9,
        "loc": {
          "start": { "line": 9, "column": 2 },
          "end": { "line": 22, "column": 3 }
        },
        "locations": [
          {
            "start": { "line": 9, "column": 2 },
            "end": { "line": 22, "column": 3 }
          }
        ]
      },
      "1": {
        "type": "branch",
        "line": 12,
        "loc": {
          "start": { "line": 12, "column": 30 },
          "end": { "line": 18, "column": 12 }
        },
        "locations": [
          {
            "start": { "line": 12, "column": 30 },
            "end": { "line": 18, "column": 12 }
          }
        ]
      }
    },
    "b": { "0": [21], "1": [4] },
    "fnMap": {
      "0": {
        "name": "render",
        "decl": {
          "start": { "line": 9, "column": 2 },
          "end": { "line": 22, "column": 3 }
        },
        "loc": {
          "start": { "line": 9, "column": 2 },
          "end": { "line": 22, "column": 3 }
        },
        "line": 9
      }
    },
    "f": { "0": 21 }
  },
  "C:\\Users\\Jokhongir\\OneDrive\\Desktop\\rs_2024\\khayitbek03-REACT2025Q3\\src\\components\\ErrorBoundary.tsx": {
    "path": "C:\\Users\\Jokhongir\\OneDrive\\Desktop\\rs_2024\\khayitbek03-REACT2025Q3\\src\\components\\ErrorBoundary.tsx",
    "all": false,
    "statementMap": {
      "0": {
        "start": { "line": 1, "column": 0 },
        "end": { "line": 1, "column": 66 }
      },
      "10": {
        "start": { "line": 11, "column": 0 },
        "end": { "line": 11, "column": 68 }
      },
      "11": {
        "start": { "line": 12, "column": 0 },
        "end": { "line": 12, "column": 18 }
      },
      "12": {
        "start": { "line": 13, "column": 0 },
        "end": { "line": 13, "column": 20 }
      },
      "13": {
        "start": { "line": 14, "column": 0 },
        "end": { "line": 14, "column": 4 }
      },
      "15": {
        "start": { "line": 16, "column": 0 },
        "end": { "line": 16, "column": 44 }
      },
      "16": {
        "start": { "line": 17, "column": 0 },
        "end": { "line": 17, "column": 30 }
      },
      "17": {
        "start": { "line": 18, "column": 0 },
        "end": { "line": 18, "column": 3 }
      },
      "19": {
        "start": { "line": 20, "column": 0 },
        "end": { "line": 20, "column": 52 }
      },
      "20": {
        "start": { "line": 21, "column": 0 },
        "end": { "line": 21, "column": 59 }
      },
      "21": {
        "start": { "line": 22, "column": 0 },
        "end": { "line": 22, "column": 3 }
      },
      "23": {
        "start": { "line": 24, "column": 0 },
        "end": { "line": 24, "column": 12 }
      },
      "24": {
        "start": { "line": 25, "column": 0 },
        "end": { "line": 25, "column": 30 }
      },
      "25": {
        "start": { "line": 26, "column": 0 },
        "end": { "line": 26, "column": 14 }
      },
      "26": {
        "start": { "line": 27, "column": 0 },
        "end": { "line": 27, "column": 40 }
      },
      "27": {
        "start": { "line": 28, "column": 0 },
        "end": { "line": 28, "column": 49 }
      },
      "28": {
        "start": { "line": 29, "column": 0 },
        "end": { "line": 29, "column": 50 }
      },
      "29": {
        "start": { "line": 30, "column": 0 },
        "end": { "line": 30, "column": 42 }
      },
      "30": {
        "start": { "line": 31, "column": 0 },
        "end": { "line": 31, "column": 19 }
      },
      "31": {
        "start": { "line": 32, "column": 0 },
        "end": { "line": 32, "column": 48 }
      },
      "32": {
        "start": { "line": 33, "column": 0 },
        "end": { "line": 33, "column": 54 }
      },
      "33": {
        "start": { "line": 34, "column": 0 },
        "end": { "line": 34, "column": 13 }
      },
      "35": {
        "start": { "line": 36, "column": 0 },
        "end": { "line": 36, "column": 21 }
      },
      "36": {
        "start": { "line": 37, "column": 0 },
        "end": { "line": 37, "column": 16 }
      },
      "37": {
        "start": { "line": 38, "column": 0 },
        "end": { "line": 38, "column": 14 }
      },
      "39": {
        "start": { "line": 40, "column": 0 },
        "end": { "line": 40, "column": 5 }
      },
      "41": {
        "start": { "line": 42, "column": 0 },
        "end": { "line": 42, "column": 31 }
      },
      "42": {
        "start": { "line": 43, "column": 0 },
        "end": { "line": 43, "column": 3 }
      },
      "43": {
        "start": { "line": 44, "column": 0 },
        "end": { "line": 44, "column": 1 }
      }
    },
    "s": {
      "0": 1,
      "10": 1,
      "11": 3,
      "12": 3,
      "13": 3,
      "15": 3,
      "16": 4,
      "17": 4,
      "19": 3,
      "20": 2,
      "21": 2,
      "23": 3,
      "24": 7,
      "25": 4,
      "26": 4,
      "27": 4,
      "28": 4,
      "29": 4,
      "30": 4,
      "31": 4,
      "32": 4,
      "33": 4,
      "35": 4,
      "36": 4,
      "37": 4,
      "39": 4,
      "41": 3,
      "42": 7,
      "43": 3
    },
    "branchMap": {
      "0": {
        "type": "branch",
        "line": 11,
        "loc": {
          "start": { "line": 11, "column": 67 },
          "end": { "line": 44, "column": 1 }
        },
        "locations": [
          {
            "start": { "line": 11, "column": 67 },
            "end": { "line": 44, "column": 1 }
          }
        ]
      },
      "1": {
        "type": "branch",
        "line": 16,
        "loc": {
          "start": { "line": 16, "column": 9 },
          "end": { "line": 18, "column": 3 }
        },
        "locations": [
          {
            "start": { "line": 16, "column": 9 },
            "end": { "line": 18, "column": 3 }
          }
        ]
      },
      "2": {
        "type": "branch",
        "line": 20,
        "loc": {
          "start": { "line": 20, "column": 2 },
          "end": { "line": 22, "column": 3 }
        },
        "locations": [
          {
            "start": { "line": 20, "column": 2 },
            "end": { "line": 22, "column": 3 }
          }
        ]
      },
      "3": {
        "type": "branch",
        "line": 24,
        "loc": {
          "start": { "line": 24, "column": 2 },
          "end": { "line": 43, "column": 3 }
        },
        "locations": [
          {
            "start": { "line": 24, "column": 2 },
            "end": { "line": 43, "column": 3 }
          }
        ]
      },
      "4": {
        "type": "branch",
        "line": 25,
        "loc": {
          "start": { "line": 25, "column": 29 },
          "end": { "line": 42, "column": 31 }
        },
        "locations": [
          {
            "start": { "line": 25, "column": 29 },
            "end": { "line": 42, "column": 31 }
          }
        ]
      },
      "5": {
        "type": "branch",
        "line": 25,
        "loc": {
          "start": { "line": 25, "column": 29 },
          "end": { "line": 40, "column": 5 }
        },
        "locations": [
          {
            "start": { "line": 25, "column": 29 },
            "end": { "line": 40, "column": 5 }
          }
        ]
      },
      "6": {
        "type": "branch",
        "line": 40,
        "loc": {
          "start": { "line": 40, "column": 4 },
          "end": { "line": 42, "column": 31 }
        },
        "locations": [
          {
            "start": { "line": 40, "column": 4 },
            "end": { "line": 42, "column": 31 }
          }
        ]
      }
    },
    "b": {
      "0": [3],
      "1": [4],
      "2": [2],
      "3": [7],
      "4": [5],
      "5": [4],
      "6": [3]
    },
    "fnMap": {
      "0": {
        "name": "<instance_members_initializer>",
        "decl": {
          "start": { "line": 11, "column": 67 },
          "end": { "line": 44, "column": 1 }
        },
        "loc": {
          "start": { "line": 11, "column": 67 },
          "end": { "line": 44, "column": 1 }
        },
        "line": 11
      },
      "1": {
        "name": "getDerivedStateFromError",
        "decl": {
          "start": { "line": 16, "column": 9 },
          "end": { "line": 18, "column": 3 }
        },
        "loc": {
          "start": { "line": 16, "column": 9 },
          "end": { "line": 18, "column": 3 }
        },
        "line": 16
      },
      "2": {
        "name": "componentDidCatch",
        "decl": {
          "start": { "line": 20, "column": 2 },
          "end": { "line": 22, "column": 3 }
        },
        "loc": {
          "start": { "line": 20, "column": 2 },
          "end": { "line": 22, "column": 3 }
        },
        "line": 20
      },
      "3": {
        "name": "render",
        "decl": {
          "start": { "line": 24, "column": 2 },
          "end": { "line": 43, "column": 3 }
        },
        "loc": {
          "start": { "line": 24, "column": 2 },
          "end": { "line": 43, "column": 3 }
        },
        "line": 24
      },
      "4": {
        "name": "onClick",
        "decl": {
          "start": { "line": 33, "column": 23 },
          "end": { "line": 33, "column": 54 }
        },
        "loc": {
          "start": { "line": 33, "column": 23 },
          "end": { "line": 33, "column": 54 }
        },
        "line": 33
      }
    },
    "f": { "0": 3, "1": 4, "2": 2, "3": 7, "4": 0 }
  },
  "C:\\Users\\Jokhongir\\OneDrive\\Desktop\\rs_2024\\khayitbek03-REACT2025Q3\\src\\components\\Loader.tsx": {
    "path": "C:\\Users\\Jokhongir\\OneDrive\\Desktop\\rs_2024\\khayitbek03-REACT2025Q3\\src\\components\\Loader.tsx",
    "all": false,
    "statementMap": {
      "0": {
        "start": { "line": 1, "column": 0 },
        "end": { "line": 1, "column": 34 }
      },
      "2": {
        "start": { "line": 3, "column": 0 },
        "end": { "line": 3, "column": 47 }
      },
      "3": {
        "start": { "line": 4, "column": 0 },
        "end": { "line": 4, "column": 12 }
      },
      "4": {
        "start": { "line": 5, "column": 0 },
        "end": { "line": 5, "column": 33 }
      },
      "5": {
        "start": { "line": 6, "column": 0 },
        "end": { "line": 6, "column": 3 }
      },
      "6": {
        "start": { "line": 7, "column": 0 },
        "end": { "line": 7, "column": 1 }
      }
    },
    "s": { "0": 1, "2": 1, "3": 1, "4": 6, "5": 6, "6": 1 },
    "branchMap": {
      "0": {
        "type": "branch",
        "line": 4,
        "loc": {
          "start": { "line": 4, "column": 2 },
          "end": { "line": 6, "column": 3 }
        },
        "locations": [
          {
            "start": { "line": 4, "column": 2 },
            "end": { "line": 6, "column": 3 }
          }
        ]
      }
    },
    "b": { "0": [6] },
    "fnMap": {
      "0": {
        "name": "render",
        "decl": {
          "start": { "line": 4, "column": 2 },
          "end": { "line": 6, "column": 3 }
        },
        "loc": {
          "start": { "line": 4, "column": 2 },
          "end": { "line": 6, "column": 3 }
        },
        "line": 4
      }
    },
    "f": { "0": 6 }
  },
  "C:\\Users\\Jokhongir\\OneDrive\\Desktop\\rs_2024\\khayitbek03-REACT2025Q3\\src\\components\\SearchBar.tsx": {
    "path": "C:\\Users\\Jokhongir\\OneDrive\\Desktop\\rs_2024\\khayitbek03-REACT2025Q3\\src\\components\\SearchBar.tsx",
    "all": false,
    "statementMap": {
      "0": {
        "start": { "line": 1, "column": 0 },
        "end": { "line": 1, "column": 34 }
      },
      "7": {
        "start": { "line": 8, "column": 0 },
        "end": { "line": 8, "column": 57 }
      },
      "8": {
        "start": { "line": 9, "column": 0 },
        "end": { "line": 9, "column": 12 }
      },
      "9": {
        "start": { "line": 10, "column": 0 },
        "end": { "line": 10, "column": 12 }
      },
      "10": {
        "start": { "line": 11, "column": 0 },
        "end": { "line": 11, "column": 34 }
      },
      "11": {
        "start": { "line": 12, "column": 0 },
        "end": { "line": 12, "column": 14 }
      },
      "12": {
        "start": { "line": 13, "column": 0 },
        "end": { "line": 13, "column": 21 }
      },
      "13": {
        "start": { "line": 14, "column": 0 },
        "end": { "line": 14, "column": 39 }
      },
      "14": {
        "start": { "line": 15, "column": 0 },
        "end": { "line": 15, "column": 34 }
      },
      "15": {
        "start": { "line": 16, "column": 0 },
        "end": { "line": 16, "column": 40 }
      },
      "16": {
        "start": { "line": 17, "column": 0 },
        "end": { "line": 17, "column": 42 }
      },
      "17": {
        "start": { "line": 18, "column": 0 },
        "end": { "line": 18, "column": 10 }
      },
      "18": {
        "start": { "line": 19, "column": 0 },
        "end": { "line": 19, "column": 77 }
      },
      "20": {
        "start": { "line": 21, "column": 0 },
        "end": { "line": 21, "column": 17 }
      },
      "21": {
        "start": { "line": 22, "column": 0 },
        "end": { "line": 22, "column": 12 }
      },
      "23": {
        "start": { "line": 24, "column": 0 },
        "end": { "line": 24, "column": 3 }
      },
      "24": {
        "start": { "line": 25, "column": 0 },
        "end": { "line": 25, "column": 1 }
      }
    },
    "s": {
      "0": 1,
      "7": 1,
      "8": 1,
      "9": 30,
      "10": 30,
      "11": 30,
      "12": 30,
      "13": 30,
      "14": 30,
      "15": 30,
      "16": 30,
      "17": 30,
      "18": 30,
      "20": 30,
      "21": 30,
      "23": 30,
      "24": 1
    },
    "branchMap": {
      "0": {
        "type": "branch",
        "line": 9,
        "loc": {
          "start": { "line": 9, "column": 2 },
          "end": { "line": 24, "column": 3 }
        },
        "locations": [
          {
            "start": { "line": 9, "column": 2 },
            "end": { "line": 24, "column": 3 }
          }
        ]
      }
    },
    "b": { "0": [30] },
    "fnMap": {
      "0": {
        "name": "render",
        "decl": {
          "start": { "line": 9, "column": 2 },
          "end": { "line": 24, "column": 3 }
        },
        "loc": {
          "start": { "line": 9, "column": 2 },
          "end": { "line": 24, "column": 3 }
        },
        "line": 9
      }
    },
    "f": { "0": 30 }
  }
}
